<?xml version="1.0" encoding="UTF-8"?>
<testsuite xmlns:xsi="http://www.w3.org/2001/XMLSchema-instance" xsi:noNamespaceSchemaLocation="https://maven.apache.org/surefire/maven-surefire-plugin/xsd/surefire-test-report.xsd" name="com.cloud.frame.demo.AppTest" time="0.021" tests="1" errors="0" skipped="0" failures="0">
  <properties>
    <property name="gopherProxySet" value="false"/>
    <property name="awt.toolkit" value="sun.lwawt.macosx.LWCToolkit"/>
    <property name="file.encoding.pkg" value="sun.io"/>
    <property name="java.specification.version" value="1.8"/>
    <property name="sun.cpu.isalist" value=""/>
    <property name="sun.jnu.encoding" value="UTF-8"/>
    <property name="java.class.path" value="/Users/wd/Documents/dev/git/cloud-proj/cloud-proj/frame/cloud-frame/cloud-frame-demo/cloud-frame-demo-common-beans/target/test-classes:/Users/wd/Documents/dev/git/cloud-proj/cloud-proj/frame/cloud-frame/cloud-frame-demo/cloud-frame-demo-common-beans/target/classes:/Users/wd/Documents/dev/repository/org/projectlombok/lombok/1.16.20/lombok-1.16.20.jar:/Users/wd/Documents/dev/repository/junit/junit/3.8.1/junit-3.8.1.jar:/Users/wd/Documents/dev/repository/org/springframework/boot/spring-boot-starter-actuator/2.0.0.RELEASE/spring-boot-starter-actuator-2.0.0.RELEASE.jar:/Users/wd/Documents/dev/repository/org/springframework/boot/spring-boot-starter/2.0.0.RELEASE/spring-boot-starter-2.0.0.RELEASE.jar:/Users/wd/Documents/dev/repository/org/springframework/boot/spring-boot/2.0.0.RELEASE/spring-boot-2.0.0.RELEASE.jar:/Users/wd/Documents/dev/repository/org/springframework/boot/spring-boot-autoconfigure/2.0.0.RELEASE/spring-boot-autoconfigure-2.0.0.RELEASE.jar:/Users/wd/Documents/dev/repository/org/springframework/boot/spring-boot-starter-logging/2.0.0.RELEASE/spring-boot-starter-logging-2.0.0.RELEASE.jar:/Users/wd/Documents/dev/repository/ch/qos/logback/logback-classic/1.2.3/logback-classic-1.2.3.jar:/Users/wd/Documents/dev/repository/ch/qos/logback/logback-core/1.2.3/logback-core-1.2.3.jar:/Users/wd/Documents/dev/repository/org/apache/logging/log4j/log4j-to-slf4j/2.10.0/log4j-to-slf4j-2.10.0.jar:/Users/wd/Documents/dev/repository/org/apache/logging/log4j/log4j-api/2.10.0/log4j-api-2.10.0.jar:/Users/wd/Documents/dev/repository/org/slf4j/jul-to-slf4j/1.7.25/jul-to-slf4j-1.7.25.jar:/Users/wd/Documents/dev/repository/javax/annotation/javax.annotation-api/1.3.2/javax.annotation-api-1.3.2.jar:/Users/wd/Documents/dev/repository/org/yaml/snakeyaml/1.19/snakeyaml-1.19.jar:/Users/wd/Documents/dev/repository/org/springframework/boot/spring-boot-actuator-autoconfigure/2.0.0.RELEASE/spring-boot-actuator-autoconfigure-2.0.0.RELEASE.jar:/Users/wd/Documents/dev/repository/org/springframework/boot/spring-boot-actuator/2.0.0.RELEASE/spring-boot-actuator-2.0.0.RELEASE.jar:/Users/wd/Documents/dev/repository/com/fasterxml/jackson/core/jackson-databind/2.9.4/jackson-databind-2.9.4.jar:/Users/wd/Documents/dev/repository/com/fasterxml/jackson/core/jackson-annotations/2.9.0/jackson-annotations-2.9.0.jar:/Users/wd/Documents/dev/repository/com/fasterxml/jackson/core/jackson-core/2.9.4/jackson-core-2.9.4.jar:/Users/wd/Documents/dev/repository/org/springframework/spring-context/5.0.4.RELEASE/spring-context-5.0.4.RELEASE.jar:/Users/wd/Documents/dev/repository/org/springframework/spring-aop/5.0.4.RELEASE/spring-aop-5.0.4.RELEASE.jar:/Users/wd/Documents/dev/repository/org/springframework/spring-beans/5.0.4.RELEASE/spring-beans-5.0.4.RELEASE.jar:/Users/wd/Documents/dev/repository/org/springframework/spring-expression/5.0.4.RELEASE/spring-expression-5.0.4.RELEASE.jar:/Users/wd/Documents/dev/repository/com/fasterxml/jackson/datatype/jackson-datatype-jsr310/2.9.4/jackson-datatype-jsr310-2.9.4.jar:/Users/wd/Documents/dev/repository/io/micrometer/micrometer-core/1.0.1/micrometer-core-1.0.1.jar:/Users/wd/Documents/dev/repository/org/hdrhistogram/HdrHistogram/2.1.10/HdrHistogram-2.1.10.jar:/Users/wd/Documents/dev/repository/org/latencyutils/LatencyUtils/2.0.3/LatencyUtils-2.0.3.jar:/Users/wd/Documents/dev/repository/org/springframework/boot/spring-boot-starter-test/2.0.0.RELEASE/spring-boot-starter-test-2.0.0.RELEASE.jar:/Users/wd/Documents/dev/repository/org/springframework/boot/spring-boot-test/2.0.0.RELEASE/spring-boot-test-2.0.0.RELEASE.jar:/Users/wd/Documents/dev/repository/org/springframework/boot/spring-boot-test-autoconfigure/2.0.0.RELEASE/spring-boot-test-autoconfigure-2.0.0.RELEASE.jar:/Users/wd/Documents/dev/repository/com/jayway/jsonpath/json-path/2.4.0/json-path-2.4.0.jar:/Users/wd/Documents/dev/repository/net/minidev/json-smart/2.3/json-smart-2.3.jar:/Users/wd/Documents/dev/repository/net/minidev/accessors-smart/1.2/accessors-smart-1.2.jar:/Users/wd/Documents/dev/repository/org/ow2/asm/asm/5.0.4/asm-5.0.4.jar:/Users/wd/Documents/dev/repository/org/slf4j/slf4j-api/1.7.25/slf4j-api-1.7.25.jar:/Users/wd/Documents/dev/repository/org/assertj/assertj-core/3.9.1/assertj-core-3.9.1.jar:/Users/wd/Documents/dev/repository/org/mockito/mockito-core/2.15.0/mockito-core-2.15.0.jar:/Users/wd/Documents/dev/repository/net/bytebuddy/byte-buddy/1.7.10/byte-buddy-1.7.10.jar:/Users/wd/Documents/dev/repository/net/bytebuddy/byte-buddy-agent/1.7.10/byte-buddy-agent-1.7.10.jar:/Users/wd/Documents/dev/repository/org/objenesis/objenesis/2.1/objenesis-2.1.jar:/Users/wd/Documents/dev/repository/org/hamcrest/hamcrest-core/1.3/hamcrest-core-1.3.jar:/Users/wd/Documents/dev/repository/org/hamcrest/hamcrest-library/1.3/hamcrest-library-1.3.jar:/Users/wd/Documents/dev/repository/org/skyscreamer/jsonassert/1.5.0/jsonassert-1.5.0.jar:/Users/wd/Documents/dev/repository/com/vaadin/external/google/android-json/0.0.20131108.vaadin1/android-json-0.0.20131108.vaadin1.jar:/Users/wd/Documents/dev/repository/org/springframework/spring-core/5.0.4.RELEASE/spring-core-5.0.4.RELEASE.jar:/Users/wd/Documents/dev/repository/org/springframework/spring-jcl/5.0.4.RELEASE/spring-jcl-5.0.4.RELEASE.jar:/Users/wd/Documents/dev/repository/org/springframework/spring-test/5.0.4.RELEASE/spring-test-5.0.4.RELEASE.jar:/Users/wd/Documents/dev/repository/org/xmlunit/xmlunit-core/2.5.1/xmlunit-core-2.5.1.jar:"/>
    <property name="java.vm.vendor" value="Oracle Corporation"/>
    <property name="sun.arch.data.model" value="64"/>
    <property name="java.vendor.url" value="http://java.oracle.com/"/>
    <property name="user.timezone" value=""/>
    <property name="java.vm.specification.version" value="1.8"/>
    <property name="os.name" value="Mac OS X"/>
    <property name="user.country" value="CN"/>
    <property name="sun.java.launcher" value="SUN_STANDARD"/>
    <property name="sun.boot.library.path" value="/Library/Java/JavaVirtualMachines/jdk1.8.0_151.jdk/Contents/Home/jre/lib"/>
    <property name="sun.java.command" value="/Users/wd/Documents/dev/git/cloud-proj/cloud-proj/frame/cloud-frame/cloud-frame-demo/cloud-frame-demo-common-beans/target/surefire/surefirebooter8606114793037504457.jar /Users/wd/Documents/dev/git/cloud-proj/cloud-proj/frame/cloud-frame/cloud-frame-demo/cloud-frame-demo-common-beans/target/surefire 2018-04-03T19-33-27_832-jvmRun1 surefire6460906326993600918tmp surefire_41379948901793264802tmp"/>
    <property name="http.nonProxyHosts" value="local„ÄÅ169.254/16|*.local„ÄÅ169.254/16"/>
    <property name="surefire.test.class.path" value="/Users/wd/Documents/dev/git/cloud-proj/cloud-proj/frame/cloud-frame/cloud-frame-demo/cloud-frame-demo-common-beans/target/test-classes:/Users/wd/Documents/dev/git/cloud-proj/cloud-proj/frame/cloud-frame/cloud-frame-demo/cloud-frame-demo-common-beans/target/classes:/Users/wd/Documents/dev/repository/org/projectlombok/lombok/1.16.20/lombok-1.16.20.jar:/Users/wd/Documents/dev/repository/junit/junit/3.8.1/junit-3.8.1.jar:/Users/wd/Documents/dev/repository/org/springframework/boot/spring-boot-starter-actuator/2.0.0.RELEASE/spring-boot-starter-actuator-2.0.0.RELEASE.jar:/Users/wd/Documents/dev/repository/org/springframework/boot/spring-boot-starter/2.0.0.RELEASE/spring-boot-starter-2.0.0.RELEASE.jar:/Users/wd/Documents/dev/repository/org/springframework/boot/spring-boot/2.0.0.RELEASE/spring-boot-2.0.0.RELEASE.jar:/Users/wd/Documents/dev/repository/org/springframework/boot/spring-boot-autoconfigure/2.0.0.RELEASE/spring-boot-autoconfigure-2.0.0.RELEASE.jar:/Users/wd/Documents/dev/repository/org/springframework/boot/spring-boot-starter-logging/2.0.0.RELEASE/spring-boot-starter-logging-2.0.0.RELEASE.jar:/Users/wd/Documents/dev/repository/ch/qos/logback/logback-classic/1.2.3/logback-classic-1.2.3.jar:/Users/wd/Documents/dev/repository/ch/qos/logback/logback-core/1.2.3/logback-core-1.2.3.jar:/Users/wd/Documents/dev/repository/org/apache/logging/log4j/log4j-to-slf4j/2.10.0/log4j-to-slf4j-2.10.0.jar:/Users/wd/Documents/dev/repository/org/apache/logging/log4j/log4j-api/2.10.0/log4j-api-2.10.0.jar:/Users/wd/Documents/dev/repository/org/slf4j/jul-to-slf4j/1.7.25/jul-to-slf4j-1.7.25.jar:/Users/wd/Documents/dev/repository/javax/annotation/javax.annotation-api/1.3.2/javax.annotation-api-1.3.2.jar:/Users/wd/Documents/dev/repository/org/yaml/snakeyaml/1.19/snakeyaml-1.19.jar:/Users/wd/Documents/dev/repository/org/springframework/boot/spring-boot-actuator-autoconfigure/2.0.0.RELEASE/spring-boot-actuator-autoconfigure-2.0.0.RELEASE.jar:/Users/wd/Documents/dev/repository/org/springframework/boot/spring-boot-actuator/2.0.0.RELEASE/spring-boot-actuator-2.0.0.RELEASE.jar:/Users/wd/Documents/dev/repository/com/fasterxml/jackson/core/jackson-databind/2.9.4/jackson-databind-2.9.4.jar:/Users/wd/Documents/dev/repository/com/fasterxml/jackson/core/jackson-annotations/2.9.0/jackson-annotations-2.9.0.jar:/Users/wd/Documents/dev/repository/com/fasterxml/jackson/core/jackson-core/2.9.4/jackson-core-2.9.4.jar:/Users/wd/Documents/dev/repository/org/springframework/spring-context/5.0.4.RELEASE/spring-context-5.0.4.RELEASE.jar:/Users/wd/Documents/dev/repository/org/springframework/spring-aop/5.0.4.RELEASE/spring-aop-5.0.4.RELEASE.jar:/Users/wd/Documents/dev/repository/org/springframework/spring-beans/5.0.4.RELEASE/spring-beans-5.0.4.RELEASE.jar:/Users/wd/Documents/dev/repository/org/springframework/spring-expression/5.0.4.RELEASE/spring-expression-5.0.4.RELEASE.jar:/Users/wd/Documents/dev/repository/com/fasterxml/jackson/datatype/jackson-datatype-jsr310/2.9.4/jackson-datatype-jsr310-2.9.4.jar:/Users/wd/Documents/dev/repository/io/micrometer/micrometer-core/1.0.1/micrometer-core-1.0.1.jar:/Users/wd/Documents/dev/repository/org/hdrhistogram/HdrHistogram/2.1.10/HdrHistogram-2.1.10.jar:/Users/wd/Documents/dev/repository/org/latencyutils/LatencyUtils/2.0.3/LatencyUtils-2.0.3.jar:/Users/wd/Documents/dev/repository/org/springframework/boot/spring-boot-starter-test/2.0.0.RELEASE/spring-boot-starter-test-2.0.0.RELEASE.jar:/Users/wd/Documents/dev/repository/org/springframework/boot/spring-boot-test/2.0.0.RELEASE/spring-boot-test-2.0.0.RELEASE.jar:/Users/wd/Documents/dev/repository/org/springframework/boot/spring-boot-test-autoconfigure/2.0.0.RELEASE/spring-boot-test-autoconfigure-2.0.0.RELEASE.jar:/Users/wd/Documents/dev/repository/com/jayway/jsonpath/json-path/2.4.0/json-path-2.4.0.jar:/Users/wd/Documents/dev/repository/net/minidev/json-smart/2.3/json-smart-2.3.jar:/Users/wd/Documents/dev/repository/net/minidev/accessors-smart/1.2/accessors-smart-1.2.jar:/Users/wd/Documents/dev/repository/org/ow2/asm/asm/5.0.4/asm-5.0.4.jar:/Users/wd/Documents/dev/repository/org/slf4j/slf4j-api/1.7.25/slf4j-api-1.7.25.jar:/Users/wd/Documents/dev/repository/org/assertj/assertj-core/3.9.1/assertj-core-3.9.1.jar:/Users/wd/Documents/dev/repository/org/mockito/mockito-core/2.15.0/mockito-core-2.15.0.jar:/Users/wd/Documents/dev/repository/net/bytebuddy/byte-buddy/1.7.10/byte-buddy-1.7.10.jar:/Users/wd/Documents/dev/repository/net/bytebuddy/byte-buddy-agent/1.7.10/byte-buddy-agent-1.7.10.jar:/Users/wd/Documents/dev/repository/org/objenesis/objenesis/2.1/objenesis-2.1.jar:/Users/wd/Documents/dev/repository/org/hamcrest/hamcrest-core/1.3/hamcrest-core-1.3.jar:/Users/wd/Documents/dev/repository/org/hamcrest/hamcrest-library/1.3/hamcrest-library-1.3.jar:/Users/wd/Documents/dev/repository/org/skyscreamer/jsonassert/1.5.0/jsonassert-1.5.0.jar:/Users/wd/Documents/dev/repository/com/vaadin/external/google/android-json/0.0.20131108.vaadin1/android-json-0.0.20131108.vaadin1.jar:/Users/wd/Documents/dev/repository/org/springframework/spring-core/5.0.4.RELEASE/spring-core-5.0.4.RELEASE.jar:/Users/wd/Documents/dev/repository/org/springframework/spring-jcl/5.0.4.RELEASE/spring-jcl-5.0.4.RELEASE.jar:/Users/wd/Documents/dev/repository/org/springframework/spring-test/5.0.4.RELEASE/spring-test-5.0.4.RELEASE.jar:/Users/wd/Documents/dev/repository/org/xmlunit/xmlunit-core/2.5.1/xmlunit-core-2.5.1.jar:"/>
    <property name="sun.cpu.endian" value="little"/>
    <property name="user.home" value="/Users/wd"/>
    <property name="user.language" value="zh"/>
    <property name="java.specification.vendor" value="Oracle Corporation"/>
    <property name="java.home" value="/Library/Java/JavaVirtualMachines/jdk1.8.0_151.jdk/Contents/Home/jre"/>
    <property name="basedir" value="/Users/wd/Documents/dev/git/cloud-proj/cloud-proj/frame/cloud-frame/cloud-frame-demo/cloud-frame-demo-common-beans"/>
    <property name="file.separator" value="/"/>
    <property name="line.separator" value="&#10;"/>
    <property name="java.vm.specification.vendor" value="Oracle Corporation"/>
    <property name="java.specification.name" value="Java Platform API Specification"/>
    <property name="java.awt.graphicsenv" value="sun.awt.CGraphicsEnvironment"/>
    <property name="surefire.real.class.path" value="/Users/wd/Documents/dev/git/cloud-proj/cloud-proj/frame/cloud-frame/cloud-frame-demo/cloud-frame-demo-common-beans/target/surefire/surefirebooter8606114793037504457.jar"/>
    <property name="sun.boot.class.path" value="/Library/Java/JavaVirtualMachines/jdk1.8.0_151.jdk/Contents/Home/jre/lib/resources.jar:/Library/Java/JavaVirtualMachines/jdk1.8.0_151.jdk/Contents/Home/jre/lib/rt.jar:/Library/Java/JavaVirtualMachines/jdk1.8.0_151.jdk/Contents/Home/jre/lib/sunrsasign.jar:/Library/Java/JavaVirtualMachines/jdk1.8.0_151.jdk/Contents/Home/jre/lib/jsse.jar:/Library/Java/JavaVirtualMachines/jdk1.8.0_151.jdk/Contents/Home/jre/lib/jce.jar:/Library/Java/JavaVirtualMachines/jdk1.8.0_151.jdk/Contents/Home/jre/lib/charsets.jar:/Library/Java/JavaVirtualMachines/jdk1.8.0_151.jdk/Contents/Home/jre/lib/jfr.jar:/Library/Java/JavaVirtualMachines/jdk1.8.0_151.jdk/Contents/Home/jre/classes"/>
    <property name="sun.management.compiler" value="HotSpot 64-Bit Tiered Compilers"/>
    <property name="ftp.nonProxyHosts" value="local„ÄÅ169.254/16|*.local„ÄÅ169.254/16"/>
    <property name="java.runtime.version" value="1.8.0_151-b12"/>
    <property name="user.name" value="wd"/>
    <property name="path.separator" value=":"/>
    <property name="os.version" value="10.12.4"/>
    <property name="java.endorsed.dirs" value="/Library/Java/JavaVirtualMachines/jdk1.8.0_151.jdk/Contents/Home/jre/lib/endorsed"/>
    <property name="java.runtime.name" value="Java(TM) SE Runtime Environment"/>
    <property name="file.encoding" value="UTF-8"/>
    <property name="java.vm.name" value="Java HotSpot(TM) 64-Bit Server VM"/>
    <property name="localRepository" value="/Users/wd/Documents/dev/repository"/>
    <property name="java.vendor.url.bug" value="http://bugreport.sun.com/bugreport/"/>
    <property name="java.io.tmpdir" value="/var/folders/bh/mdmq19x9461b65jplxnhcs_80000gp/T/"/>
    <property name="java.version" value="1.8.0_151"/>
    <property name="user.dir" value="/Users/wd/Documents/dev/git/cloud-proj/cloud-proj/frame/cloud-frame/cloud-frame-demo/cloud-frame-demo-common-beans"/>
    <property name="os.arch" value="x86_64"/>
    <property name="java.vm.specification.name" value="Java Virtual Machine Specification"/>
    <property name="java.awt.printerjob" value="sun.lwawt.macosx.CPrinterJob"/>
    <property name="sun.os.patch.level" value="unknown"/>
    <property name="java.library.path" value="/Users/wd/Library/Java/Extensions:/Library/Java/Extensions:/Network/Library/Java/Extensions:/System/Library/Java/Extensions:/usr/lib/java:."/>
    <property name="java.vm.info" value="mixed mode"/>
    <property name="java.vendor" value="Oracle Corporation"/>
    <property name="java.vm.version" value="25.151-b12"/>
    <property name="java.ext.dirs" value="/Users/wd/Library/Java/Extensions:/Library/Java/JavaVirtualMachines/jdk1.8.0_151.jdk/Contents/Home/jre/lib/ext:/Library/Java/Extensions:/Network/Library/Java/Extensions:/System/Library/Java/Extensions:/usr/lib/java"/>
    <property name="sun.io.unicode.encoding" value="UnicodeBig"/>
    <property name="java.class.version" value="52.0"/>
    <property name="socksNonProxyHosts" value="local„ÄÅ169.254/16|*.local„ÄÅ169.254/16"/>
  </properties>
  <testcase name="testApp" classname="com.cloud.frame.demo.AppTest" time="0.002"/>
</testsuite>